<?xml version="1.0" encoding="UTF-8"?>
<!-- Generated by org.testng.reporters.JUnitReportReporter -->
<testsuite hostname="LAPTOP-3BML8FHO" failures="0" tests="4" name="TestNg.Grouping_of_TestCases2" time="0.007" errors="0" timestamp="2024-11-20T09:56:10 IST" skipped="0">
  <testcase classname="TestNg.Grouping_of_TestCases2" name="m7" time="0.002"/>
  <system-out>
    <![CDATA[running m7]]>
  </system-out>
  <testcase classname="TestNg.Grouping_of_TestCases2" name="m8" time="0.000"/>
  <system-out>
    <![CDATA[running m8]]>
  </system-out>
  <testcase classname="TestNg.Grouping_of_TestCases2" name="m10" time="0.002"/>
  <system-out>
    <![CDATA[running m10]]>
  </system-out>
  <testcase classname="TestNg.Grouping_of_TestCases2" name="m9" time="0.003"/>
  <system-out>
    <![CDATA[running m9]]>
  </system-out>
</testsuite> <!-- TestNg.Grouping_of_TestCases2 -->
