<?xml version="1.0" encoding="UTF-8"?>
<!-- Generated by org.testng.reporters.JUnitReportReporter -->
<testsuite hostname="LAPTOP-3BML8FHO" failures="0" tests="1" name="TestNg.Parallel_execution2" time="16.248" errors="0" timestamp="2024-11-20T10:04:07 IST" skipped="0">
  <testcase classname="TestNg.Parallel_execution2" name="name" time="16.248"/>
  <system-out/>
</testsuite> <!-- TestNg.Parallel_execution2 -->
