<?xml version="1.0" encoding="UTF-8"?>
<!-- Generated by org.testng.reporters.JUnitReportReporter -->
<testsuite hostname="LAPTOP-3BML8FHO" failures="0" tests="2" name="TestNg.Decable_TE_From_TestClass2" time="0.001" errors="0" timestamp="2024-11-20T09:54:03 IST" skipped="0">
  <testcase classname="TestNg.Decable_TE_From_TestClass2" name="m4" time="0.001"/>
  <system-out>
    <![CDATA[running m4]]>
  </system-out>
  <testcase classname="TestNg.Decable_TE_From_TestClass2" name="m6" time="0.000"/>
  <system-out>
    <![CDATA[running m6]]>
  </system-out>
</testsuite> <!-- TestNg.Decable_TE_From_TestClass2 -->
