<?xml version="1.0" encoding="UTF-8"?>
<!-- Generated by org.testng.reporters.JUnitReportReporter -->
<testsuite hostname="LAPTOP-3BML8FHO" failures="0" tests="1" name="excel.Get_AllDataIn_Cell" time="0.509" errors="0" timestamp="2024-11-29T14:44:59 IST" skipped="0">
  <testcase classname="excel.Get_AllDataIn_Cell" name="name" time="0.509"/>
  <system-out/>
</testsuite> <!-- excel.Get_AllDataIn_Cell -->
