<?xml version="1.0" encoding="UTF-8"?>
<!-- Generated by org.testng.reporters.JUnitReportReporter -->
<testsuite hostname="LAPTOP-3BML8FHO" failures="0" tests="3" name="TestNg.SuiteSample2" time="0.010" errors="0" timestamp="2024-11-11T14:46:46 IST" skipped="0">
  <testcase classname="TestNg.SuiteSample2" name="m4" time="0.009"/>
  <system-out>
    <![CDATA[running m4]]>
  </system-out>
  <testcase classname="TestNg.SuiteSample2" name="m5" time="0.000"/>
  <system-out>
    <![CDATA[running m5]]>
  </system-out>
  <testcase classname="TestNg.SuiteSample2" name="m6" time="0.001"/>
  <system-out>
    <![CDATA[running m6]]>
  </system-out>
</testsuite> <!-- TestNg.SuiteSample2 -->
