<?xml version="1.0" encoding="UTF-8"?>
<!-- Generated by org.testng.reporters.JUnitReportReporter -->
<testsuite hostname="LAPTOP-3BML8FHO" failures="0" tests="1" name="TestNg.Facebook2" time="9.529" errors="0" timestamp="2024-11-27T16:17:55 IST" skipped="0">
  <testcase classname="TestNg.Facebook2" name="tc1" time="9.529"/>
  <system-out/>
</testsuite> <!-- TestNg.Facebook2 -->
