<?xml version="1.0" encoding="UTF-8"?>
<!-- Generated by org.testng.reporters.JUnitReportReporter -->
<testsuite hostname="LAPTOP-3BML8FHO" failures="0" tests="2" name="TestNg.ex2_TestCase" time="0.012" errors="0" timestamp="2024-11-08T13:08:07 IST" skipped="0">
  <testcase classname="TestNg.ex2_TestCase" name="tc1" time="0.010"/>
  <system-out>
    <![CDATA[==pass test case1==]]>
  </system-out>
  <testcase classname="TestNg.ex2_TestCase" name="tc2" time="0.002"/>
  <system-out>
    <![CDATA[tc2]]>
  </system-out>
</testsuite> <!-- TestNg.ex2_TestCase -->
