<?xml version="1.0" encoding="UTF-8"?>
<!-- Generated by org.testng.reporters.JUnitReportReporter -->
<testsuite hostname="LAPTOP-3BML8FHO" failures="0" tests="2" name="TestNg.Group2" time="0.003" errors="0" timestamp="2024-11-21T13:41:29 IST" skipped="0">
  <testcase classname="TestNg.Group2" name="tc5" time="0.001"/>
  <system-out/>
  <testcase classname="TestNg.Group2" name="tc4" time="0.002"/>
  <system-out/>
</testsuite> <!-- TestNg.Group2 -->
