<?xml version="1.0" encoding="UTF-8"?>
<!-- Generated by org.testng.reporters.JUnitReportReporter -->
<testsuite hostname="LAPTOP-3BML8FHO" failures="0" tests="3" name="TestNg.TestNg_Annotation" time="0.005" errors="0" timestamp="2024-11-13T09:47:09 IST" skipped="0">
  <testcase classname="TestNg.TestNg_Annotation" name="logout" time="0.000"/>
  <system-out/>
  <testcase classname="TestNg.TestNg_Annotation" name="home1" time="0.003"/>
  <system-out/>
  <testcase classname="TestNg.TestNg_Annotation" name="home2" time="0.002"/>
  <system-out/>
</testsuite> <!-- TestNg.TestNg_Annotation -->
