<?xml version="1.0" encoding="UTF-8"?>
<!-- Generated by org.testng.reporters.JUnitReportReporter -->
<testsuite hostname="LAPTOP-3BML8FHO" failures="0" tests="2" name="TestNg.Keyword_Priority" time="0.013" errors="0" timestamp="2024-11-11T13:52:32 IST" skipped="0">
  <testcase classname="TestNg.Keyword_Priority" name="tc2" time="0.011"/>
  <system-out>
    <![CDATA[running test case 2]]>
  </system-out>
  <testcase classname="TestNg.Keyword_Priority" name="tc1" time="0.002"/>
  <system-out>
    <![CDATA[running test case 1]]>
  </system-out>
</testsuite> <!-- TestNg.Keyword_Priority -->
