<?xml version="1.0" encoding="UTF-8"?>
<!-- Generated by org.testng.reporters.JUnitReportReporter -->
<testsuite hostname="LAPTOP-3BML8FHO" failures="0" tests="3" name="TestNg.Sample1" time="0.003" errors="0" timestamp="2024-11-11T14:46:46 IST" skipped="0">
  <testcase classname="TestNg.Sample1" name="m1" time="0.001"/>
  <system-out>
    <![CDATA[running m1]]>
  </system-out>
  <testcase classname="TestNg.Sample1" name="m2" time="0.001"/>
  <system-out>
    <![CDATA[running m2]]>
  </system-out>
  <testcase classname="TestNg.Sample1" name="m3" time="0.001"/>
  <system-out>
    <![CDATA[running m3]]>
  </system-out>
</testsuite> <!-- TestNg.Sample1 -->
