<?xml version="1.0" encoding="UTF-8"?>
<!-- Generated by org.testng.reporters.JUnitReportReporter -->
<testsuite hostname="LAPTOP-3BML8FHO" failures="0" tests="1" name="TestNg.SwagLabTest" time="11.749" errors="0" timestamp="2024-11-08T14:14:06 IST" skipped="0">
  <testcase classname="TestNg.SwagLabTest" name="name" time="11.749"/>
  <system-out/>
</testsuite> <!-- TestNg.SwagLabTest -->
