<?xml version="1.0" encoding="UTF-8"?>
<!-- Generated by org.testng.reporters.JUnitReportReporter -->
<testsuite hostname="LAPTOP-3BML8FHO" failures="0" tests="1" name="TestNg.TestClass1" time="0.007" errors="0" timestamp="2024-11-19T16:42:58 IST" skipped="0">
  <testcase classname="TestNg.TestClass1" name="tc1" time="0.007"/>
  <system-out>
    <![CDATA[tc1 running]]>
  </system-out>
</testsuite> <!-- TestNg.TestClass1 -->
