<?xml version="1.0" encoding="UTF-8"?>
<!-- Generated by org.testng.reporters.JUnitReportReporter -->
<testsuite hostname="LAPTOP-3BML8FHO" failures="0" tests="1" name="TestNg.TestNg_Annotation_ex3" time="0.005" errors="0" timestamp="2024-11-13T09:53:06 IST" skipped="0">
  <testcase classname="TestNg.TestNg_Annotation_ex3" name="home2" time="0.005"/>
  <system-out/>
</testsuite> <!-- TestNg.TestNg_Annotation_ex3 -->
