<?xml version="1.0" encoding="UTF-8"?>
<!-- Generated by org.testng.reporters.JUnitReportReporter -->
<testsuite hostname="LAPTOP-3BML8FHO" failures="0" tests="1" name="TestNg.ex1_TestClass" time="0.007" errors="0" timestamp="2024-11-08T12:23:55 IST" skipped="0">
  <testcase classname="TestNg.ex1_TestClass" name="TC1" time="0.007"/>
  <system-out/>
</testsuite> <!-- TestNg.ex1_TestClass -->
