<?xml version="1.0" encoding="UTF-8"?>
<!-- Generated by org.testng.reporters.JUnitReportReporter -->
<testsuite hostname="LAPTOP-3BML8FHO" failures="0" tests="5" name="TestNg.Keyword_InvocationCount" time="0.011" errors="0" timestamp="2024-12-15T19:07:42 IST" skipped="0">
  <testcase classname="TestNg.Keyword_InvocationCount" name="tc1" time="0.006"/>
  <system-out>
    <![CDATA[running test case 1]]>
  </system-out>
  <testcase classname="TestNg.Keyword_InvocationCount" name="tc1" time="0.001"/>
  <system-out>
    <![CDATA[running test case 1]]>
  </system-out>
  <testcase classname="TestNg.Keyword_InvocationCount" name="tc1" time="0.001"/>
  <system-out>
    <![CDATA[running test case 1]]>
  </system-out>
  <testcase classname="TestNg.Keyword_InvocationCount" name="tc1" time="0.001"/>
  <system-out>
    <![CDATA[running test case 1]]>
  </system-out>
  <testcase classname="TestNg.Keyword_InvocationCount" name="tc1" time="0.002"/>
  <system-out>
    <![CDATA[running test case 1]]>
  </system-out>
</testsuite> <!-- TestNg.Keyword_InvocationCount -->
