<?xml version="1.0" encoding="UTF-8"?>
<!-- Generated by org.testng.reporters.JUnitReportReporter -->
<testsuite hostname="LAPTOP-3BML8FHO" failures="0" tests="1" name="Collection2.List_ArrayList" time="0.011" errors="0" timestamp="2024-11-28T14:54:22 IST" skipped="0">
  <testcase classname="Collection2.List_ArrayList" name="tc1" time="0.011"/>
  <system-out/>
</testsuite> <!-- Collection2.List_ArrayList -->
