<?xml version="1.0" encoding="UTF-8"?>
<!-- Generated by org.testng.reporters.JUnitReportReporter -->
<testsuite hostname="LAPTOP-3BML8FHO" failures="0" tests="1" name="WebElementExample.Method_SendKeys" time="9.306" errors="0" timestamp="2024-11-28T14:06:49 IST" skipped="0">
  <testcase classname="WebElementExample.Method_SendKeys" name="name" time="9.306"/>
  <system-out/>
</testsuite> <!-- WebElementExample.Method_SendKeys -->
