<?xml version="1.0" encoding="UTF-8"?>
<!-- Generated by org.testng.reporters.JUnitReportReporter -->
<testsuite hostname="LAPTOP-3BML8FHO" failures="0" tests="2" name="TestNg.Decable_TE_From_TestClass" time="0.007" errors="0" timestamp="2024-11-20T09:54:03 IST" skipped="0">
  <testcase classname="TestNg.Decable_TE_From_TestClass" name="m2" time="0.001"/>
  <system-out>
    <![CDATA[running m2]]>
  </system-out>
  <testcase classname="TestNg.Decable_TE_From_TestClass" name="m1" time="0.006"/>
  <system-out>
    <![CDATA[running m1]]>
  </system-out>
</testsuite> <!-- TestNg.Decable_TE_From_TestClass -->
