<?xml version="1.0" encoding="UTF-8"?>
<!-- Generated by org.testng.reporters.JUnitReportReporter -->
<testsuite hostname="LAPTOP-3BML8FHO" failures="0" tests="4" name="TestNg.Grouping_of_TestCases" time="0.009" errors="0" timestamp="2024-11-20T09:56:10 IST" skipped="0">
  <testcase classname="TestNg.Grouping_of_TestCases" name="m2" time="0.001"/>
  <system-out>
    <![CDATA[running m2]]>
  </system-out>
  <testcase classname="TestNg.Grouping_of_TestCases" name="m1" time="0.006"/>
  <system-out>
    <![CDATA[running m1]]>
  </system-out>
  <testcase classname="TestNg.Grouping_of_TestCases" name="m3" time="0.001"/>
  <system-out>
    <![CDATA[running m3]]>
  </system-out>
  <testcase classname="TestNg.Grouping_of_TestCases" name="m5" time="0.001"/>
  <system-out>
    <![CDATA[running m4]]>
  </system-out>
</testsuite> <!-- TestNg.Grouping_of_TestCases -->
