<?xml version="1.0" encoding="UTF-8"?>
<!-- Generated by org.testng.reporters.JUnitReportReporter -->
<testsuite hostname="LAPTOP-3BML8FHO" failures="0" tests="1" name="TestNg.Parallel_execution" time="12.266" errors="0" timestamp="2024-11-20T10:04:07 IST" skipped="0">
  <testcase classname="TestNg.Parallel_execution" name="name" time="12.266"/>
  <system-out/>
</testsuite> <!-- TestNg.Parallel_execution -->
