<?xml version="1.0" encoding="UTF-8"?>
<!-- Generated by org.testng.reporters.JUnitReportReporter -->
<testsuite hostname="LAPTOP-3BML8FHO" failures="0" tests="3" name="TestNg.Abc" time="30.280" errors="0" timestamp="2024-11-20T10:02:15 IST" skipped="0">
  <testcase classname="TestNg.Abc" name="name" time="3.796"/>
  <system-out/>
  <testcase classname="TestNg.Abc" name="name" time="12.436"/>
  <system-out/>
  <testcase classname="TestNg.Abc" name="name" time="14.048"/>
  <system-out/>
</testsuite> <!-- TestNg.Abc -->
