<?xml version="1.0" encoding="UTF-8"?>
<!-- Generated by org.testng.reporters.JUnitReportReporter -->
<testsuite hostname="LAPTOP-3BML8FHO" failures="0" tests="2" name="TestNg.Keyword_enabled" time="0.005" errors="0" timestamp="2024-11-11T13:55:31 IST" skipped="1">
  <testcase classname="TestNg.Keyword_enabled" name="tc2" time="0.005"/>
  <system-out>
    <![CDATA[running test case 2]]>
  </system-out>
  <testcase classname="TestNg.Keyword_enabled" name="tc1">
    <skipped/>
  </testcase> <!-- tc1 -->
  <system-out/>
</testsuite> <!-- TestNg.Keyword_enabled -->
