<?xml version="1.0" encoding="UTF-8"?>
<!-- Generated by org.testng.reporters.JUnitReportReporter -->
<testsuite hostname="LAPTOP-3BML8FHO" failures="0" tests="1" name="findelements.Clicking_multiple_checkbox" time="2.128" errors="0" timestamp="2024-11-29T16:50:18 IST" skipped="0">
  <testcase classname="findelements.Clicking_multiple_checkbox" name="tc1" time="2.128"/>
  <system-out/>
</testsuite> <!-- findelements.Clicking_multiple_checkbox -->
