<?xml version="1.0" encoding="UTF-8"?>
<!-- Generated by org.testng.reporters.JUnitReportReporter -->
<testsuite hostname="LAPTOP-3BML8FHO" failures="0" tests="1" name="popups.Authentication" time="8.086" errors="0" timestamp="2024-11-29T16:32:55 IST" skipped="0">
  <testcase classname="popups.Authentication" name="childpop" time="8.086"/>
  <system-out/>
</testsuite> <!-- popups.Authentication -->
