<?xml version="1.0" encoding="UTF-8"?>
<!-- Generated by org.testng.reporters.JUnitReportReporter -->
<testsuite hostname="LAPTOP-3BML8FHO" failures="0" tests="1" name="popups.Child_Browser_PopUp" time="14.425" errors="0" timestamp="2024-11-29T16:25:34 IST" skipped="0">
  <testcase classname="popups.Child_Browser_PopUp" name="Alrtpop" time="14.425"/>
  <system-out/>
</testsuite> <!-- popups.Child_Browser_PopUp -->
