<?xml version="1.0" encoding="UTF-8"?>
<!-- Generated by org.testng.reporters.JUnitReportReporter -->
<testsuite hostname="LAPTOP-3BML8FHO" failures="0" tests="2" name="TestNg.Keyword_DependsOnMethods" time="0.020" errors="0" timestamp="2024-11-11T14:07:10 IST" skipped="0">
  <testcase classname="TestNg.Keyword_DependsOnMethods" name="logout" time="0.001"/>
  <system-out>
    <![CDATA[logout from application]]>
  </system-out>
  <testcase classname="TestNg.Keyword_DependsOnMethods" name="login" time="0.019"/>
  <system-out>
    <![CDATA[login to application]]>
  </system-out>
</testsuite> <!-- TestNg.Keyword_DependsOnMethods -->
