<?xml version="1.0" encoding="UTF-8"?>
<!-- Generated by org.testng.reporters.JUnitReportReporter -->
<testsuite hostname="LAPTOP-3BML8FHO" failures="0" tests="1" name="custamizedlistbox.Key_Use" time="15.834" errors="0" timestamp="2024-11-29T15:29:35 IST" skipped="0">
  <testcase classname="custamizedlistbox.Key_Use" name="name" time="15.834"/>
  <system-out/>
</testsuite> <!-- custamizedlistbox.Key_Use -->
