<?xml version="1.0" encoding="UTF-8"?>
<!-- Generated by org.testng.reporters.JUnitReportReporter -->
<testsuite hostname="LAPTOP-3BML8FHO" failures="0" tests="3" name="TestNg.EmailableReport" time="0.009" errors="0" timestamp="2024-11-19T16:24:11 IST" skipped="0">
  <testcase classname="TestNg.EmailableReport" name="Tc1" time="0.006"/>
  <system-out>
    <![CDATA[tc1 running]]>
  </system-out>
  <testcase classname="TestNg.EmailableReport" name="Tc2" time="0.002"/>
  <system-out>
    <![CDATA[tc2 running]]>
  </system-out>
  <testcase classname="TestNg.EmailableReport" name="Tc3" time="0.001"/>
  <system-out>
    <![CDATA[tc3 running]]>
  </system-out>
</testsuite> <!-- TestNg.EmailableReport -->
