<?xml version="1.0" encoding="UTF-8"?>
<!-- Generated by org.testng.reporters.JUnitReportReporter -->
<testsuite hostname="LAPTOP-3BML8FHO" failures="0" tests="1" name="popups.Hidden_Division_PopUP" time="9.715" errors="0" timestamp="2024-11-29T15:34:39 IST" skipped="0">
  <testcase classname="popups.Hidden_Division_PopUP" name="pop" time="9.715"/>
  <system-out/>
</testsuite> <!-- popups.Hidden_Division_PopUP -->
