<?xml version="1.0" encoding="UTF-8"?>
<!-- Generated by org.testng.reporters.JUnitReportReporter -->
<testsuite hostname="LAPTOP-3BML8FHO" failures="0" tests="7" name="TestNg.Keyword" time="0.013" errors="0" timestamp="2024-11-11T12:01:57 IST" skipped="1">
  <testcase classname="TestNg.Keyword" name="testCase3" time="0.008"/>
  <system-out>
    <![CDATA[Run Three]]>
  </system-out>
  <testcase classname="TestNg.Keyword" name="testCase1" time="0.001"/>
  <system-out>
    <![CDATA[Run]]>
  </system-out>
  <testcase classname="TestNg.Keyword" name="testCase1" time="0.000"/>
  <system-out>
    <![CDATA[Run]]>
  </system-out>
  <testcase classname="TestNg.Keyword" name="testCase1" time="0.001"/>
  <system-out>
    <![CDATA[Run]]>
  </system-out>
  <testcase classname="TestNg.Keyword" name="testCase1" time="0.001"/>
  <system-out>
    <![CDATA[Run]]>
  </system-out>
  <testcase classname="TestNg.Keyword" name="testCase1" time="0.002"/>
  <system-out>
    <![CDATA[Run]]>
  </system-out>
  <testcase classname="TestNg.Keyword" name="testCase2">
    <skipped/>
  </testcase> <!-- testCase2 -->
  <system-out/>
</testsuite> <!-- TestNg.Keyword -->
