<?xml version="1.0" encoding="UTF-8"?>
<!-- Generated by org.testng.reporters.JUnitReportReporter -->
<testsuite hostname="LAPTOP-3BML8FHO" failures="0" tests="2" name="TestNg.Group1" time="0.008" errors="0" timestamp="2024-11-21T13:41:29 IST" skipped="0">
  <testcase classname="TestNg.Group1" name="tc1" time="0.007"/>
  <system-out/>
  <testcase classname="TestNg.Group1" name="tc2" time="0.001"/>
  <system-out/>
</testsuite> <!-- TestNg.Group1 -->
