<?xml version="1.0" encoding="UTF-8"?>
<!-- Generated by org.testng.reporters.JUnitReportReporter -->
<testsuite hostname="LAPTOP-3BML8FHO" failures="0" tests="2" name="TestNg.TestNg_Annotation_ex2" time="0.004" errors="0" timestamp="2024-11-13T09:49:19 IST" skipped="0">
  <testcase classname="TestNg.TestNg_Annotation_ex2" name="home2" time="0.000"/>
  <system-out/>
  <testcase classname="TestNg.TestNg_Annotation_ex2" name="home1" time="0.004"/>
  <system-out/>
</testsuite> <!-- TestNg.TestNg_Annotation_ex2 -->
