<?xml version="1.0" encoding="UTF-8"?>
<!-- Generated by org.testng.reporters.JUnitReportReporter -->
<testsuite hostname="LAPTOP-3BML8FHO" failures="0" tests="1" name="popups.Alert_Pop_Up" time="7.368" errors="0" timestamp="2024-11-29T15:51:02 IST" skipped="0">
  <testcase classname="popups.Alert_Pop_Up" name="Alrtpop" time="7.368"/>
  <system-out/>
</testsuite> <!-- popups.Alert_Pop_Up -->
